android/app/build/intermediates/manifest_merge_blame_file/debug/manifest-merger-blame-debug-report.txt
1<?xml version="1.0" encoding="utf-8"?>
2<manifest xmlns:android="http://schemas.android.com/apk/res/android"
3    package="com.cube"
4    android:versionCode="1"
5    android:versionName="1.0" >
6
7    <uses-sdk
8        android:minSdkVersion="16"
9        android:targetSdkVersion="29" />
10
11    <uses-permission android:name="android.permission.SYSTEM_ALERT_WINDOW" />
11-->src\debug\AndroidManifest.xml:5:5-77
11-->src\debug\AndroidManifest.xml:5:22-75
12    <uses-permission android:name="android.permission.INTERNET" />
12-->src\main\AndroidManifest.xml:4:5-67
12-->src\main\AndroidManifest.xml:4:22-64
13    <uses-permission android:name="android.permission.CAMERA" />
13-->src\main\AndroidManifest.xml:5:5-65
13-->src\main\AndroidManifest.xml:5:22-62
14    <uses-permission android:name="android.permission.READ_EXTERNAL_STORAGE" />
14-->src\main\AndroidManifest.xml:6:5-80
14-->src\main\AndroidManifest.xml:6:22-77
15    <uses-permission android:name="android.permission.WRITE_EXTERNAL_STORAGE" />
15-->src\main\AndroidManifest.xml:7:5-81
15-->src\main\AndroidManifest.xml:7:22-78
16    <uses-permission android:name="android.permission.RECORD_AUDIO" />
16-->src\main\AndroidManifest.xml:8:5-70
16-->src\main\AndroidManifest.xml:8:22-68
17    <uses-permission android:name="android.permission.ACCESS_WIFI_STATE" />
17-->[com.facebook.flipper:flipper:0.54.0] AndroidManifest.xml:16:5-76
17-->[com.facebook.flipper:flipper:0.54.0] AndroidManifest.xml:16:22-73
18
19    <queries>
19-->[:react-native-image-crop-picker] AndroidManifest.xml:10:5-14:15
20        <intent>
20-->[:react-native-image-crop-picker] AndroidManifest.xml:11:9-13:18
21            <action android:name="android.media.action.IMAGE_CAPTURE" />
21-->[:react-native-image-crop-picker] AndroidManifest.xml:12:13-73
21-->[:react-native-image-crop-picker] AndroidManifest.xml:12:21-70
22        </intent>
23    </queries>
24
25    <application
25-->src\main\AndroidManifest.xml:11:5-33:19
26        android:name="com.cube.MainApplication"
26-->src\main\AndroidManifest.xml:12:7-38
27        android:allowBackup="false"
27-->src\main\AndroidManifest.xml:16:7-34
28        android:appComponentFactory="androidx.core.app.CoreComponentFactory"
28-->[androidx.core:core:1.1.0] AndroidManifest.xml:24:18-86
29        android:debuggable="true"
30        android:icon="@mipmap/ic_launcher"
30-->src\main\AndroidManifest.xml:14:7-41
31        android:label="@string/app_name"
31-->src\main\AndroidManifest.xml:13:7-39
32        android:roundIcon="@mipmap/ic_launcher_round"
32-->src\main\AndroidManifest.xml:15:7-52
33        android:theme="@style/AppTheme"
33-->src\main\AndroidManifest.xml:17:7-38
34        android:usesCleartextTraffic="true" >
34-->src\main\AndroidManifest.xml:19:7-42
35        <activity
35-->src\main\AndroidManifest.xml:21:7-31:18
36            android:name="com.cube.MainActivity"
36-->src\main\AndroidManifest.xml:22:9-37
37            android:configChanges="keyboard|keyboardHidden|orientation|screenSize|uiMode"
37-->src\main\AndroidManifest.xml:24:9-86
38            android:label="@string/app_name"
38-->src\main\AndroidManifest.xml:23:9-41
39            android:launchMode="singleTask"
39-->src\main\AndroidManifest.xml:25:9-40
40            android:windowSoftInputMode="adjustResize" >
40-->src\main\AndroidManifest.xml:26:9-51
41            <intent-filter>
41-->src\main\AndroidManifest.xml:27:9-30:25
42                <action android:name="android.intent.action.MAIN" />
42-->src\main\AndroidManifest.xml:28:13-65
42-->src\main\AndroidManifest.xml:28:21-62
43
44                <category android:name="android.intent.category.LAUNCHER" />
44-->src\main\AndroidManifest.xml:29:13-73
44-->src\main\AndroidManifest.xml:29:23-70
45            </intent-filter>
46        </activity>
47        <activity android:name="com.facebook.react.devsupport.DevSettingsActivity" />
47-->src\main\AndroidManifest.xml:32:7-84
47-->src\main\AndroidManifest.xml:32:17-81
48
49        <provider
49-->[:react-native-image-crop-picker] AndroidManifest.xml:19:9-27:20
50            android:name="androidx.core.content.FileProvider"
50-->[:react-native-image-crop-picker] AndroidManifest.xml:20:13-62
51            android:authorities="com.cube.provider"
51-->[:react-native-image-crop-picker] AndroidManifest.xml:21:13-60
52            android:exported="false"
52-->[:react-native-image-crop-picker] AndroidManifest.xml:22:13-37
53            android:grantUriPermissions="true" >
53-->[:react-native-image-crop-picker] AndroidManifest.xml:23:13-47
54            <meta-data
54-->[:react-native-image-crop-picker] AndroidManifest.xml:24:13-26:58
55                android:name="android.support.FILE_PROVIDER_PATHS"
55-->[:react-native-image-crop-picker] AndroidManifest.xml:25:17-67
56                android:resource="@xml/provider_paths" />
56-->[:react-native-image-crop-picker] AndroidManifest.xml:26:17-55
57        </provider>
58
59        <activity
59-->[:react-native-image-crop-picker] AndroidManifest.xml:29:9-31:72
60            android:name="com.yalantis.ucrop.UCropActivity"
60-->[:react-native-image-crop-picker] AndroidManifest.xml:30:13-60
61            android:theme="@style/Theme.AppCompat.Light.NoActionBar" />
61-->[:react-native-image-crop-picker] AndroidManifest.xml:31:13-69
62
63        <provider
63-->[:react-native-webview] AndroidManifest.xml:12:9-20:20
64            android:name="com.reactnativecommunity.webview.RNCWebViewFileProvider"
64-->[:react-native-webview] AndroidManifest.xml:13:13-83
65            android:authorities="com.cube.fileprovider"
65-->[:react-native-webview] AndroidManifest.xml:14:13-64
66            android:exported="false"
66-->[:react-native-webview] AndroidManifest.xml:15:13-37
67            android:grantUriPermissions="true" >
67-->[:react-native-webview] AndroidManifest.xml:16:13-47
68            <meta-data
68-->[:react-native-image-crop-picker] AndroidManifest.xml:24:13-26:58
69                android:name="android.support.FILE_PROVIDER_PATHS"
69-->[:react-native-image-crop-picker] AndroidManifest.xml:25:17-67
70                android:resource="@xml/file_provider_paths" />
70-->[:react-native-image-crop-picker] AndroidManifest.xml:26:17-55
71        </provider>
72
73        <meta-data
73-->[com.github.bumptech.glide:okhttp3-integration:4.11.0] AndroidManifest.xml:11:9-13:43
74            android:name="com.bumptech.glide.integration.okhttp3.OkHttpGlideModule"
74-->[com.github.bumptech.glide:okhttp3-integration:4.11.0] AndroidManifest.xml:12:13-84
75            android:value="GlideModule" />
75-->[com.github.bumptech.glide:okhttp3-integration:4.11.0] AndroidManifest.xml:13:13-40
76    </application>
77
78</manifest>